<?xml version="1.0" encoding="UTF-8"?>
<coverage generated="1741190770316" clover="3.2.0">
  <project timestamp="1741190770316" name="All files">
    <metrics statements="16" coveredstatements="16" conditionals="0" coveredconditionals="0" methods="5" coveredmethods="5" elements="21" coveredelements="21" complexity="0" loc="16" ncloc="16" packages="1" files="3" classes="3"/>
    <file name="categories.validate.ts" path="/home/ragnar/school/vef2/verk3/src/api/categories.validate.ts">
      <metrics statements="3" coveredstatements="3" conditionals="0" coveredconditionals="0" methods="1" coveredmethods="1"/>
      <line num="4" count="1" type="stmt"/>
      <line num="22" count="2" type="stmt"/>
      <line num="24" count="2" type="stmt"/>
    </file>
    <file name="questions.validate.ts" path="/home/ragnar/school/vef2/verk3/src/api/questions.validate.ts">
      <metrics statements="4" coveredstatements="4" conditionals="0" coveredconditionals="0" methods="1" coveredmethods="1"/>
      <line num="4" count="1" type="stmt"/>
      <line num="13" count="1" type="stmt"/>
      <line num="43" count="2" type="stmt"/>
      <line num="45" count="2" type="stmt"/>
    </file>
    <file name="validator.ts" path="/home/ragnar/school/vef2/verk3/src/api/validator.ts">
      <metrics statements="9" coveredstatements="9" conditionals="0" coveredconditionals="0" methods="3" coveredmethods="3"/>
      <line num="4" count="3" type="stmt"/>
      <line num="5" count="3" type="stmt"/>
      <line num="7" count="5" type="stmt"/>
      <line num="9" count="3" type="stmt"/>
      <line num="20" count="3" type="stmt"/>
      <line num="29" count="2" type="stmt"/>
      <line num="31" count="2" type="stmt"/>
      <line num="35" count="2" type="stmt"/>
      <line num="37" count="2" type="stmt"/>
    </file>
  </project>
</coverage>
