{"/home/ragnar/school/vef2/verk3/src/api/categories.validate.ts": {"path":"/home/ragnar/school/vef2/verk3/src/api/categories.validate.ts","statementMap":{"0":{"start":{"line":4,"column":31},"end":{"line":10,"column":2}},"1":{"start":{"line":15,"column":17},"end":{"line":15,"column":59}},"2":{"start":{"line":17,"column":2},"end":{"line":17,"column":16}}},"fnMap":{"0":{"name":"validateCategory","decl":{"start":{"line":14,"column":16},"end":{"line":14,"column":32}},"loc":{"start":{"line":14,"column":50},"end":{"line":18,"column":1}}}},"branchMap":{},"s":{"0":1,"1":2,"2":2},"f":{"0":2},"b":{}}
,"/home/ragnar/school/vef2/verk3/src/api/questions.validate.ts": {"path":"/home/ragnar/school/vef2/verk3/src/api/questions.validate.ts","statementMap":{"0":{"start":{"line":4,"column":21},"end":{"line":11,"column":2}},"1":{"start":{"line":13,"column":31},"end":{"line":21,"column":2}},"2":{"start":{"line":43,"column":17},"end":{"line":43,"column":59}},"3":{"start":{"line":45,"column":2},"end":{"line":45,"column":16}}},"fnMap":{"0":{"name":"validateQuestion","decl":{"start":{"line":25,"column":16},"end":{"line":25,"column":32}},"loc":{"start":{"line":25,"column":50},"end":{"line":46,"column":1}}}},"branchMap":{},"s":{"0":1,"1":1,"2":2,"3":2},"f":{"0":2},"b":{}}
,"/home/ragnar/school/vef2/verk3/src/api/validator.ts": {"path":"/home/ragnar/school/vef2/verk3/src/api/validator.ts","statementMap":{"0":{"start":{"line":4,"column":18},"end":{"line":4,"column":23}},"1":{"start":{"line":5,"column":18},"end":{"line":5,"column":21}},"2":{"start":{"line":7,"column":26},"end":{"line":7,"column":51}},"3":{"start":{"line":7,"column":43},"end":{"line":7,"column":51}},"4":{"start":{"line":9,"column":25},"end":{"line":18,"column":2}},"5":{"start":{"line":20,"column":24},"end":{"line":24,"column":24}},"6":{"start":{"line":29,"column":17},"end":{"line":29,"column":51}},"7":{"start":{"line":31,"column":2},"end":{"line":31,"column":16}},"8":{"start":{"line":35,"column":17},"end":{"line":35,"column":48}},"9":{"start":{"line":37,"column":2},"end":{"line":37,"column":16}}},"fnMap":{"0":{"name":"(anonymous_0)","decl":{"start":{"line":7,"column":26},"end":{"line":7,"column":27}},"loc":{"start":{"line":7,"column":43},"end":{"line":7,"column":51}}},"1":{"name":"validatePageParams","decl":{"start":{"line":28,"column":16},"end":{"line":28,"column":34}},"loc":{"start":{"line":28,"column":50},"end":{"line":32,"column":1}}},"2":{"name":"validateSlug","decl":{"start":{"line":34,"column":16},"end":{"line":34,"column":28}},"loc":{"start":{"line":34,"column":42},"end":{"line":38,"column":1}}}},"branchMap":{},"s":{"0":3,"1":3,"2":3,"3":5,"4":3,"5":3,"6":2,"7":2,"8":2,"9":2},"f":{"0":5,"1":2,"2":2},"b":{}}
}
