TN:
SF:src/api/categories.validate.ts
FN:14,validateCategory
FNF:1
FNH:1
FNDA:2,validateCategory
DA:4,1
DA:15,2
DA:17,2
LF:3
LH:3
BRF:0
BRH:0
end_of_record
TN:
SF:src/api/questions.validate.ts
FN:25,validateQuestion
FNF:1
FNH:1
FNDA:2,validateQuestion
DA:4,1
DA:13,1
DA:43,2
DA:45,2
LF:4
LH:4
BRF:0
BRH:0
end_of_record
TN:
SF:src/api/validator.ts
FN:7,(anonymous_0)
FN:28,validatePageParams
FN:34,validateSlug
FNF:3
FNH:3
FNDA:5,(anonymous_0)
FNDA:2,validatePageParams
FNDA:2,validateSlug
DA:4,3
DA:5,3
DA:7,5
DA:9,3
DA:20,3
DA:29,2
DA:31,2
DA:35,2
DA:37,2
LF:9
LH:9
BRF:0
BRH:0
end_of_record
